# JRE version: Java(TM) SE Runtime Environment (8.0_121-b13) (build 1.8.0_121-b13)
# Java VM: Java HotSpot(TM) 64-Bit Server VM (25.121-b13 mixed mode bsd-amd64 compressed oops)
Heap:
 PSYoungGen      total 154112K, used 22536K [0x000000076ab00000, 0x0000000775f80000, 0x00000007c0000000)
  eden space 131584K, 0% used [0x000000076ab00000,0x000000076ab078e8,0x0000000772b80000)
  from space 22528K, 99% used [0x0000000773e00000,0x00000007753fa770,0x0000000775400000)
  to   space 11776K, 0% used [0x0000000775400000,0x0000000775400000,0x0000000775f80000)
 ParOldGen       total 144896K, used 65483K [0x00000006c0000000, 0x00000006c8d80000, 0x000000076ab00000)
  object space 144896K, 45% used [0x00000006c0000000,0x00000006c3ff2c98,0x00000006c8d80000)
 Metaspace       used 59179K, capacity 59666K, committed 68008K, reserved 1110016K
  class space    used 7067K, capacity 7187K, committed 7424K, reserved 1048576K
GC Heap History (10 events):
Event: 11355.864 GC heap before
{Heap before GC invocations=29 (full 6):
 PSYoungGen      total 158208K, used 158207K [0x000000076ab00000, 0x0000000779600000, 0x00000007c0000000)
  eden space 148480K, 100% used [0x000000076ab00000,0x0000000773c00000,0x0000000773c00000)
  from space 9728K, 99% used [0x0000000778c80000,0x00000007795fff98,0x0000000779600000)
  to   space 27648K, 0% used [0x0000000776000000,0x0000000776000000,0x0000000777b00000)
 ParOldGen       total 144896K, used 58815K [0x00000006c0000000, 0x00000006c8d80000, 0x000000076ab00000)
  object space 144896K, 40% used [0x00000006c0000000,0x00000006c396ff80,0x00000006c8d80000)
 Metaspace       used 59153K, capacity 59666K, committed 68008K, reserved 1110016K
  class space    used 7066K, capacity 7187K, committed 7424K, reserved 1048576K
Event: 11355.957 GC heap after
Heap after GC invocations=29 (full 6):
 PSYoungGen      total 158208K, used 13296K [0x000000076ab00000, 0x0000000778d00000, 0x00000007c0000000)
  eden space 144896K, 0% used [0x000000076ab00000,0x000000076ab00000,0x0000000773880000)
  from space 13312K, 99% used [0x0000000776000000,0x0000000776cfc380,0x0000000776d00000)
  to   space 26112K, 0% used [0x0000000777380000,0x0000000777380000,0x0000000778d00000)
 ParOldGen       total 144896K, used 61797K [0x00000006c0000000, 0x00000006c8d80000, 0x000000076ab00000)
  object space 144896K, 42% used [0x00000006c0000000,0x00000006c3c59778,0x00000006c8d80000)
 Metaspace       used 59153K, capacity 59666K, committed 68008K, reserved 1110016K
  class space    used 7066K, capacity 7187K, committed 7424K, reserved 1048576K
}
Event: 14170.502 GC heap before
{Heap before GC invocations=30 (full 6):
 PSYoungGen      total 158208K, used 158192K [0x000000076ab00000, 0x0000000778d00000, 0x00000007c0000000)
  eden space 144896K, 100% used [0x000000076ab00000,0x0000000773880000,0x0000000773880000)
  from space 13312K, 99% used [0x0000000776000000,0x0000000776cfc380,0x0000000776d00000)
  to   space 26112K, 0% used [0x0000000777380000,0x0000000777380000,0x0000000778d00000)
 ParOldGen       total 144896K, used 61797K [0x00000006c0000000, 0x00000006c8d80000, 0x000000076ab00000)
  object space 144896K, 42% used [0x00000006c0000000,0x00000006c3c59778,0x00000006c8d80000)
 Metaspace       used 59162K, capacity 59666K, committed 68008K, reserved 1110016K
  class space    used 7066K, capacity 7187K, committed 7424K, reserved 1048576K
Event: 14170.559 GC heap after
Heap after GC invocations=30 (full 6):
 PSYoungGen      total 154624K, used 13054K [0x000000076ab00000, 0x0000000778080000, 0x00000007c0000000)
  eden space 141312K, 0% used [0x000000076ab00000,0x000000076ab00000,0x0000000773500000)
  from space 13312K, 98% used [0x0000000777380000,0x000000077803f8f8,0x0000000778080000)
  to   space 25088K, 0% used [0x0000000774f80000,0x0000000774f80000,0x0000000776800000)
 ParOldGen       total 144896K, used 61805K [0x00000006c0000000, 0x00000006c8d80000, 0x000000076ab00000)
  object space 144896K, 42% used [0x00000006c0000000,0x00000006c3c5b778,0x00000006c8d80000)
 Metaspace       used 59162K, capacity 59666K, committed 68008K, reserved 1110016K
  class space    used 7066K, capacity 7187K, committed 7424K, reserved 1048576K
}
Event: 17038.719 GC heap before
{Heap before GC invocations=31 (full 6):
 PSYoungGen      total 154624K, used 154366K [0x000000076ab00000, 0x0000000778080000, 0x00000007c0000000)
  eden space 141312K, 100% used [0x000000076ab00000,0x0000000773500000,0x0000000773500000)
  from space 13312K, 98% used [0x0000000777380000,0x000000077803f8f8,0x0000000778080000)
  to   space 25088K, 0% used [0x0000000774f80000,0x0000000774f80000,0x0000000776800000)
 ParOldGen       total 144896K, used 61805K [0x00000006c0000000, 0x00000006c8d80000, 0x000000076ab00000)
  object space 144896K, 42% used [0x00000006c0000000,0x00000006c3c5b778,0x00000006c8d80000)
 Metaspace       used 59169K, capacity 59666K, committed 68008K, reserved 1110016K
  class space    used 7066K, capacity 7187K, committed 7424K, reserved 1048576K
Event: 17038.751 GC heap after
Heap after GC invocations=31 (full 6):
 PSYoungGen      total 151040K, used 12918K [0x000000076ab00000, 0x0000000777400000, 0x00000007c0000000)
  eden space 137728K, 0% used [0x000000076ab00000,0x000000076ab00000,0x0000000773180000)
  from space 13312K, 97% used [0x0000000774f80000,0x0000000775c1d8c8,0x0000000775c80000)
  to   space 23552K, 0% used [0x0000000775d00000,0x0000000775d00000,0x0000000777400000)
 ParOldGen       total 144896K, used 61813K [0x00000006c0000000, 0x00000006c8d80000, 0x000000076ab00000)
  object space 144896K, 42% used [0x00000006c0000000,0x00000006c3c5d778,0x00000006c8d80000)
 Metaspace       used 59169K, capacity 59666K, committed 68008K, reserved 1110016K
  class space    used 7066K, capacity 7187K, committed 7424K, reserved 1048576K
}
Event: 19938.141 GC heap before
{Heap before GC invocations=32 (full 6):
 PSYoungGen      total 151040K, used 150646K [0x000000076ab00000, 0x0000000777400000, 0x00000007c0000000)
  eden space 137728K, 100% used [0x000000076ab00000,0x0000000773180000,0x0000000773180000)
  from space 13312K, 97% used [0x0000000774f80000,0x0000000775c1d8c8,0x0000000775c80000)
  to   space 23552K, 0% used [0x0000000775d00000,0x0000000775d00000,0x0000000777400000)
 ParOldGen       total 144896K, used 61813K [0x00000006c0000000, 0x00000006c8d80000, 0x000000076ab00000)
  object space 144896K, 42% used [0x00000006c0000000,0x00000006c3c5d778,0x00000006c8d80000)
 Metaspace       used 59170K, capacity 59666K, committed 68008K, reserved 1110016K
  class space    used 7066K, capacity 7187K, committed 7424K, reserved 1048576K
Event: 19938.159 GC heap after
Heap after GC invocations=32 (full 6):
 PSYoungGen      total 147968K, used 12806K [0x000000076ab00000, 0x0000000776a00000, 0x00000007c0000000)
  eden space 134656K, 0% used [0x000000076ab00000,0x000000076ab00000,0x0000000772e80000)
  from space 13312K, 96% used [0x0000000775d00000,0x0000000776981af8,0x0000000776a00000)
  to   space 22528K, 0% used [0x0000000773e00000,0x0000000773e00000,0x0000000775400000)
 ParOldGen       total 144896K, used 61821K [0x00000006c0000000, 0x00000006c8d80000, 0x000000076ab00000)
  object space 144896K, 42% used [0x00000006c0000000,0x00000006c3c5f778,0x00000006c8d80000)
 Metaspace       used 59170K, capacity 59666K, committed 68008K, reserved 1110016K
  class space    used 7066K, capacity 7187K, committed 7424K, reserved 1048576K
}
Event: 22463.751 GC heap before
{Heap before GC invocations=33 (full 6):
 PSYoungGen      total 147968K, used 147462K [0x000000076ab00000, 0x0000000776a00000, 0x00000007c0000000)
  eden space 134656K, 100% used [0x000000076ab00000,0x0000000772e80000,0x0000000772e80000)
  from space 13312K, 96% used [0x0000000775d00000,0x0000000776981af8,0x0000000776a00000)
  to   space 22528K, 0% used [0x0000000773e00000,0x0000000773e00000,0x0000000775400000)
 ParOldGen       total 144896K, used 61821K [0x00000006c0000000, 0x00000006c8d80000, 0x000000076ab00000)
  object space 144896K, 42% used [0x00000006c0000000,0x00000006c3c5f778,0x00000006c8d80000)
 Metaspace       used 59179K, capacity 59666K, committed 68008K, reserved 1110016K
  class space    used 7067K, capacity 7187K, committed 7424K, reserved 1048576K
Event: 22463.787 GC heap after
Heap after GC invocations=33 (full 6):
 PSYoungGen      total 154112K, used 22505K [0x000000076ab00000, 0x0000000775f80000, 0x00000007c0000000)
  eden space 131584K, 0% used [0x000000076ab00000,0x000000076ab00000,0x0000000772b80000)
  from space 22528K, 99% used [0x0000000773e00000,0x00000007753fa770,0x0000000775400000)
  to   space 11776K, 0% used [0x0000000775400000,0x0000000775400000,0x0000000775f80000)
 ParOldGen       total 144896K, used 65483K [0x00000006c0000000, 0x00000006c8d80000, 0x000000076ab00000)
  object space 144896K, 45% used [0x00000006c0000000,0x00000006c3ff2c98,0x00000006c8d80000)
 Metaspace       used 59179K, capacity 59666K, committed 68008K, reserved 1110016K
  class space    used 7067K, capacity 7187K, committed 7424K, reserved 1048576K
}

